time="2019-11-08T09:59:13Z" level=info msg="Using TOML configuration file /etc/traefik/traefik.toml"
time="2019-11-08T09:59:13Z" level=info msg="Traefik version v1.7.19 built on 2019-10-28_02:07:32PM"
time="2019-11-08T09:59:13Z" level=info msg="\nStats collection is disabled.\nHelp us improve Traefik by turning this feature on :)\nMore details on: https://docs.traefik.io/v1.7/basics/#collected-data\n"
time="2019-11-08T09:59:13Z" level=info msg="Preparing server https &{Address::443 TLS:0xc0004b9200 Redirect:<nil> Auth:<nil> WhitelistSourceRange:[] WhiteList:<nil> Compress:false ProxyProtocol:<nil> ForwardedHeaders:0xc00082e5a0} with readTimeout=0s writeTimeout=0s idleTimeout=3m0s"
time="2019-11-08T09:59:14Z" level=info msg="Preparing server http &{Address::80 TLS:<nil> Redirect:0xc000198ec0 Auth:<nil> WhitelistSourceRange:[] WhiteList:<nil> Compress:false ProxyProtocol:<nil> ForwardedHeaders:0xc00082e580} with readTimeout=0s writeTimeout=0s idleTimeout=3m0s"
time="2019-11-08T09:59:14Z" level=info msg="Starting server on :443"
time="2019-11-08T09:59:14Z" level=info msg="Starting provider configuration.ProviderAggregator {}"
time="2019-11-08T09:59:14Z" level=info msg="Starting server on :80"
time="2019-11-08T09:59:14Z" level=info msg="Starting provider *docker.Provider {\"Watch\":true,\"Filename\":\"\",\"Constraints\":null,\"Trace\":false,\"TemplateVersion\":2,\"DebugLogGeneratedTemplate\":false,\"Endpoint\":\"unix:///var/run/docker.sock\",\"Domain\":\"airvisual.sun-asterisk.vn\",\"TLS\":null,\"ExposedByDefault\":false,\"UseBindPortIP\":false,\"SwarmMode\":false,\"Network\":\"\",\"SwarmModeRefreshSeconds\":15}"
time="2019-11-08T09:59:14Z" level=info msg="Starting provider *acme.Provider {\"Email\":\"admin@sun-asterisk.vn\",\"ACMELogging\":false,\"CAServer\":\"https://acme-v02.api.letsencrypt.org/directory\",\"Storage\":\"acme.json\",\"EntryPoint\":\"https\",\"KeyType\":\"\",\"OnHostRule\":true,\"OnDemand\":false,\"DNSChallenge\":null,\"HTTPChallenge\":{\"EntryPoint\":\"http\"},\"TLSChallenge\":null,\"Domains\":null,\"Store\":{}}"
time="2019-11-08T09:59:14Z" level=info msg="Testing certificate renew..."
time="2019-11-08T09:59:14Z" level=info msg="Server configuration reloaded on :443"
time="2019-11-08T09:59:14Z" level=info msg="Server configuration reloaded on :80"
time="2019-11-08T09:59:15Z" level=info msg="Server configuration reloaded on :443"
time="2019-11-08T09:59:15Z" level=info msg="Server configuration reloaded on :80"
time="2019-11-08T10:02:19Z" level=info msg="I have to go..."
time="2019-11-08T10:02:19Z" level=info msg="Stopping server gracefully"
time="2019-11-08T10:02:19Z" level=info msg="Server stopped"
time="2019-11-08T10:02:19Z" level=info msg="Shutting down"
time="2019-11-08T10:02:21Z" level=info msg="Using TOML configuration file /etc/traefik/traefik.toml"
time="2019-11-08T10:02:21Z" level=info msg="Traefik version v1.7.19 built on 2019-10-28_02:07:32PM"
time="2019-11-08T10:02:21Z" level=info msg="\nStats collection is disabled.\nHelp us improve Traefik by turning this feature on :)\nMore details on: https://docs.traefik.io/v1.7/basics/#collected-data\n"
time="2019-11-08T10:02:21Z" level=info msg="Preparing server http &{Address::80 TLS:<nil> Redirect:0xc000195240 Auth:<nil> WhitelistSourceRange:[] WhiteList:<nil> Compress:false ProxyProtocol:<nil> ForwardedHeaders:0xc000708e60} with readTimeout=0s writeTimeout=0s idleTimeout=3m0s"
time="2019-11-08T10:02:21Z" level=info msg="Preparing server https &{Address::443 TLS:0xc000528090 Redirect:<nil> Auth:<nil> WhitelistSourceRange:[] WhiteList:<nil> Compress:false ProxyProtocol:<nil> ForwardedHeaders:0xc000708ea0} with readTimeout=0s writeTimeout=0s idleTimeout=3m0s"
time="2019-11-08T10:02:21Z" level=info msg="Starting server on :80"
time="2019-11-08T10:02:22Z" level=info msg="Starting server on :443"
time="2019-11-08T10:02:22Z" level=info msg="Starting provider configuration.ProviderAggregator {}"
time="2019-11-08T10:02:22Z" level=info msg="Starting provider *docker.Provider {\"Watch\":true,\"Filename\":\"\",\"Constraints\":null,\"Trace\":false,\"TemplateVersion\":2,\"DebugLogGeneratedTemplate\":false,\"Endpoint\":\"unix:///var/run/docker.sock\",\"Domain\":\"airvisual.sun-asterisk.vn\",\"TLS\":null,\"ExposedByDefault\":false,\"UseBindPortIP\":false,\"SwarmMode\":false,\"Network\":\"\",\"SwarmModeRefreshSeconds\":15}"
time="2019-11-08T10:02:22Z" level=info msg="Starting provider *acme.Provider {\"Email\":\"admin@sun-asterisk.vn\",\"ACMELogging\":false,\"CAServer\":\"https://acme-v02.api.letsencrypt.org/directory\",\"Storage\":\"acme.json\",\"EntryPoint\":\"https\",\"KeyType\":\"\",\"OnHostRule\":true,\"OnDemand\":false,\"DNSChallenge\":null,\"HTTPChallenge\":null,\"TLSChallenge\":{},\"Domains\":null,\"Store\":{}}"
time="2019-11-08T10:02:22Z" level=info msg="Testing certificate renew..."
time="2019-11-08T10:02:22Z" level=info msg="Server configuration reloaded on :80"
time="2019-11-08T10:02:22Z" level=info msg="Server configuration reloaded on :443"
time="2019-11-08T10:02:22Z" level=info msg="Server configuration reloaded on :80"
time="2019-11-08T10:02:22Z" level=info msg="Server configuration reloaded on :443"
time="2019-11-08T10:06:47Z" level=info msg="I have to go..."
time="2019-11-08T10:06:47Z" level=info msg="Stopping server gracefully"
time="2019-11-08T10:06:47Z" level=info msg="Server stopped"
time="2019-11-08T10:06:47Z" level=info msg="Shutting down"
time="2019-11-08T10:06:49Z" level=info msg="Using TOML configuration file /etc/traefik/traefik.toml"
time="2019-11-08T10:06:49Z" level=info msg="Traefik version v1.7.19 built on 2019-10-28_02:07:32PM"
time="2019-11-08T10:06:49Z" level=info msg="\nStats collection is disabled.\nHelp us improve Traefik by turning this feature on :)\nMore details on: https://docs.traefik.io/v1.7/basics/#collected-data\n"
time="2019-11-08T10:06:50Z" level=info msg="Preparing server http &{Address::80 TLS:<nil> Redirect:0xc000199f80 Auth:<nil> WhitelistSourceRange:[] WhiteList:<nil> Compress:false ProxyProtocol:<nil> ForwardedHeaders:0xc00090eb40} with readTimeout=0s writeTimeout=0s idleTimeout=3m0s"
time="2019-11-08T10:06:50Z" level=info msg="Preparing server https &{Address::443 TLS:0xc000523050 Redirect:<nil> Auth:<nil> WhitelistSourceRange:[] WhiteList:<nil> Compress:false ProxyProtocol:<nil> ForwardedHeaders:0xc00090ec80} with readTimeout=0s writeTimeout=0s idleTimeout=3m0s"
time="2019-11-08T10:06:50Z" level=info msg="Starting server on :80"
time="2019-11-08T10:06:50Z" level=info msg="Starting provider configuration.ProviderAggregator {}"
time="2019-11-08T10:06:50Z" level=info msg="Starting server on :443"
time="2019-11-08T10:06:50Z" level=info msg="Starting provider *docker.Provider {\"Watch\":true,\"Filename\":\"\",\"Constraints\":null,\"Trace\":false,\"TemplateVersion\":2,\"DebugLogGeneratedTemplate\":false,\"Endpoint\":\"unix:///var/run/docker.sock\",\"Domain\":\"airvisual.sun-asterisk.vn\",\"TLS\":null,\"ExposedByDefault\":false,\"UseBindPortIP\":false,\"SwarmMode\":false,\"Network\":\"\",\"SwarmModeRefreshSeconds\":15}"
time="2019-11-08T10:06:50Z" level=info msg="Starting provider *acme.Provider {\"Email\":\"admin@sun-asterisk.vn\",\"ACMELogging\":false,\"CAServer\":\"https://acme-v02.api.letsencrypt.org/directory\",\"Storage\":\"acme.json\",\"EntryPoint\":\"https\",\"KeyType\":\"\",\"OnHostRule\":true,\"OnDemand\":false,\"DNSChallenge\":null,\"HTTPChallenge\":{\"EntryPoint\":\"http\"},\"TLSChallenge\":null,\"Domains\":[{\"Main\":\"airvisual.sun-asterisk.vn\",\"SANs\":null}],\"Store\":{}}"
time="2019-11-08T10:06:50Z" level=info msg="Testing certificate renew..."
time="2019-11-08T10:06:50Z" level=info msg="The key type is empty. Use default key type 4096."
time="2019-11-08T10:06:51Z" level=info msg="Server configuration reloaded on :443"
time="2019-11-08T10:06:51Z" level=info msg="Server configuration reloaded on :80"
time="2019-11-08T10:06:51Z" level=info msg="Server configuration reloaded on :80"
time="2019-11-08T10:06:51Z" level=info msg="Server configuration reloaded on :443"
time="2019-11-08T10:06:55Z" level=info msg=Register...
time="2019-11-08T10:07:05Z" level=info msg="Server configuration reloaded on :80"
time="2019-11-08T10:07:05Z" level=info msg="Server configuration reloaded on :443"
